#! /usr/local/Cellar/icarus-verilog/10.2_1/bin/vvp
:ivl_version "10.2 (stable)" "(v10_2)";
:ivl_delay_selection "TYPICAL";
:vpi_time_precision + 0;
:vpi_module "system";
:vpi_module "vhdl_sys";
:vpi_module "v2005_math";
:vpi_module "va_math";
S_0x7fd58ac13530 .scope module, "barrel_leftshifter_16bit_tb" "barrel_leftshifter_16bit_tb" 2 2;
 .timescale 0 0;
v0x7fd58ac3e5f0_0 .var "ctrl", 3 0;
v0x7fd58ac3e6a0_0 .var "in", 15 0;
v0x7fd58ac3e750_0 .net "out", 15 0, L_0x7fd58ac4b030;  1 drivers
S_0x7fd58ac18320 .scope module, "uut" "barrel_leftshifter_16bit" 2 7, 3 2 0, S_0x7fd58ac13530;
 .timescale 0 0;
    .port_info 0 /INPUT 16 "in"
    .port_info 1 /INPUT 4 "ctrl"
    .port_info 2 /OUTPUT 16 "out"
v0x7fd58ac3e160_0 .net "ctrl", 3 0, v0x7fd58ac3e5f0_0;  1 drivers
v0x7fd58ac3e220_0 .net "in", 15 0, v0x7fd58ac3e6a0_0;  1 drivers
v0x7fd58ac3e2c0_0 .net "out", 15 0, L_0x7fd58ac4b030;  alias, 1 drivers
v0x7fd58ac3e370_0 .net "x", 15 0, L_0x7fd58ac45550;  1 drivers
v0x7fd58ac3e420_0 .net "y", 15 0, L_0x7fd58ac490a0;  1 drivers
v0x7fd58ac3e510_0 .net "z", 15 0, L_0x7fd58ac41e40;  1 drivers
L_0x7fd58ac3e940 .part v0x7fd58ac3e6a0_0, 15, 1;
L_0x7fd58ac3ea60 .part v0x7fd58ac3e6a0_0, 7, 1;
L_0x7fd58ac3eb40 .part v0x7fd58ac3e5f0_0, 3, 1;
L_0x7fd58ac3ece0 .part v0x7fd58ac3e6a0_0, 14, 1;
L_0x7fd58ac3ee40 .part v0x7fd58ac3e6a0_0, 6, 1;
L_0x7fd58ac3ef10 .part v0x7fd58ac3e5f0_0, 3, 1;
L_0x7fd58ac3f090 .part v0x7fd58ac3e6a0_0, 13, 1;
L_0x7fd58ac3f1b0 .part v0x7fd58ac3e6a0_0, 5, 1;
L_0x7fd58ac3f290 .part v0x7fd58ac3e5f0_0, 3, 1;
L_0x7fd58ac3f4e0 .part v0x7fd58ac3e6a0_0, 12, 1;
L_0x7fd58ac3f680 .part v0x7fd58ac3e6a0_0, 4, 1;
L_0x7fd58ac3f720 .part v0x7fd58ac3e5f0_0, 3, 1;
L_0x7fd58ac3f8a0 .part v0x7fd58ac3e6a0_0, 11, 1;
L_0x7fd58ac3f940 .part v0x7fd58ac3e6a0_0, 3, 1;
L_0x7fd58ac3fa20 .part v0x7fd58ac3e5f0_0, 3, 1;
L_0x7fd58ac3fba0 .part v0x7fd58ac3e6a0_0, 10, 1;
L_0x7fd58ac3fc80 .part v0x7fd58ac3e6a0_0, 2, 1;
L_0x7fd58ac3fdf0 .part v0x7fd58ac3e5f0_0, 3, 1;
L_0x7fd58ac3ff70 .part v0x7fd58ac3e6a0_0, 9, 1;
L_0x7fd58ac400b0 .part v0x7fd58ac3e6a0_0, 1, 1;
L_0x7fd58ac40150 .part v0x7fd58ac3e5f0_0, 3, 1;
L_0x7fd58ac403a0 .part v0x7fd58ac3e6a0_0, 8, 1;
L_0x7fd58ac3f580 .part v0x7fd58ac3e6a0_0, 0, 1;
L_0x7fd58ac40700 .part v0x7fd58ac3e5f0_0, 3, 1;
L_0x7fd58ac407a0 .part v0x7fd58ac3e6a0_0, 7, 1;
L_0x7fd58ac40640 .part v0x7fd58ac3e5f0_0, 3, 1;
L_0x7fd58ac40a30 .part v0x7fd58ac3e6a0_0, 6, 1;
L_0x7fd58ac40840 .part v0x7fd58ac3e5f0_0, 3, 1;
L_0x7fd58ac40d10 .part v0x7fd58ac3e6a0_0, 5, 1;
L_0x7fd58ac40b10 .part v0x7fd58ac3e5f0_0, 3, 1;
L_0x7fd58ac40fc0 .part v0x7fd58ac3e6a0_0, 4, 1;
L_0x7fd58ac40df0 .part v0x7fd58ac3e5f0_0, 3, 1;
L_0x7fd58ac41280 .part v0x7fd58ac3e6a0_0, 3, 1;
L_0x7fd58ac41470 .part v0x7fd58ac3e5f0_0, 3, 1;
L_0x7fd58ac415b0 .part v0x7fd58ac3e6a0_0, 2, 1;
L_0x7fd58ac413a0 .part v0x7fd58ac3e5f0_0, 3, 1;
L_0x7fd58ac41850 .part v0x7fd58ac3e6a0_0, 1, 1;
L_0x7fd58ac41690 .part v0x7fd58ac3e5f0_0, 3, 1;
L_0x7fd58ac41c60 .part v0x7fd58ac3e6a0_0, 0, 1;
L_0x7fd58ac41970 .part v0x7fd58ac3e5f0_0, 3, 1;
LS_0x7fd58ac41e40_0_0 .concat8 [ 1 1 1 1], L_0x7fd58ac401f0, L_0x7fd58ac417b0, L_0x7fd58ac41510, L_0x7fd58ac411e0;
LS_0x7fd58ac41e40_0_4 .concat8 [ 1 1 1 1], L_0x7fd58ac40f20, L_0x7fd58ac40c70, L_0x7fd58ac40990, L_0x7fd58ac402f0;
LS_0x7fd58ac41e40_0_8 .concat8 [ 1 1 1 1], L_0x7fd58ac40010, L_0x7fd58ac3fed0, L_0x7fd58ac3fb00, L_0x7fd58ac3f800;
LS_0x7fd58ac41e40_0_12 .concat8 [ 1 1 1 1], L_0x7fd58ac3f440, L_0x7fd58ac3eff0, L_0x7fd58ac3ec20, L_0x7fd58ac3e820;
L_0x7fd58ac41e40 .concat8 [ 4 4 4 4], LS_0x7fd58ac41e40_0_0, LS_0x7fd58ac41e40_0_4, LS_0x7fd58ac41e40_0_8, LS_0x7fd58ac41e40_0_12;
L_0x7fd58ac41da0 .part L_0x7fd58ac41e40, 15, 1;
L_0x7fd58ac42540 .part L_0x7fd58ac41e40, 11, 1;
L_0x7fd58ac42370 .part v0x7fd58ac3e5f0_0, 2, 1;
L_0x7fd58ac42820 .part L_0x7fd58ac41e40, 14, 1;
L_0x7fd58ac42620 .part L_0x7fd58ac41e40, 10, 1;
L_0x7fd58ac426c0 .part v0x7fd58ac3e5f0_0, 2, 1;
L_0x7fd58ac429e0 .part L_0x7fd58ac41e40, 13, 1;
L_0x7fd58ac42cb0 .part L_0x7fd58ac41e40, 9, 1;
L_0x7fd58ac42af0 .part v0x7fd58ac3e5f0_0, 2, 1;
L_0x7fd58ac42f20 .part L_0x7fd58ac41e40, 12, 1;
L_0x7fd58ac42d90 .part L_0x7fd58ac41e40, 8, 1;
L_0x7fd58ac42e70 .part v0x7fd58ac3e5f0_0, 2, 1;
L_0x7fd58ac43350 .part L_0x7fd58ac41e40, 11, 1;
L_0x7fd58ac433f0 .part L_0x7fd58ac41e40, 7, 1;
L_0x7fd58ac43100 .part v0x7fd58ac3e5f0_0, 2, 1;
L_0x7fd58ac43690 .part L_0x7fd58ac41e40, 10, 1;
L_0x7fd58ac434d0 .part L_0x7fd58ac41e40, 6, 1;
L_0x7fd58ac435b0 .part v0x7fd58ac3e5f0_0, 2, 1;
L_0x7fd58ac439f0 .part L_0x7fd58ac41e40, 9, 1;
L_0x7fd58ac43ad0 .part L_0x7fd58ac41e40, 5, 1;
L_0x7fd58ac43770 .part v0x7fd58ac3e5f0_0, 2, 1;
L_0x7fd58ac43da0 .part L_0x7fd58ac41e40, 8, 1;
L_0x7fd58ac43000 .part L_0x7fd58ac41e40, 4, 1;
L_0x7fd58ac43bb0 .part v0x7fd58ac3e5f0_0, 2, 1;
L_0x7fd58ac44250 .part L_0x7fd58ac41e40, 7, 1;
L_0x7fd58ac442f0 .part L_0x7fd58ac41e40, 3, 1;
L_0x7fd58ac44040 .part v0x7fd58ac3e5f0_0, 2, 1;
L_0x7fd58ac445f0 .part L_0x7fd58ac41e40, 6, 1;
L_0x7fd58ac443d0 .part L_0x7fd58ac41e40, 2, 1;
L_0x7fd58ac44470 .part v0x7fd58ac3e5f0_0, 2, 1;
L_0x7fd58ac448d0 .part L_0x7fd58ac41e40, 5, 1;
L_0x7fd58ac449b0 .part L_0x7fd58ac41e40, 1, 1;
L_0x7fd58ac44690 .part v0x7fd58ac3e5f0_0, 2, 1;
L_0x7fd58ac44810 .part L_0x7fd58ac41e40, 4, 1;
L_0x7fd58ac44a90 .part L_0x7fd58ac41e40, 0, 1;
L_0x7fd58ac44b70 .part v0x7fd58ac3e5f0_0, 2, 1;
L_0x7fd58ac45030 .part L_0x7fd58ac41e40, 3, 1;
L_0x7fd58ac45150 .part v0x7fd58ac3e5f0_0, 2, 1;
L_0x7fd58ac44dc0 .part L_0x7fd58ac41e40, 2, 1;
L_0x7fd58ac44ee0 .part v0x7fd58ac3e5f0_0, 2, 1;
L_0x7fd58ac45290 .part L_0x7fd58ac41e40, 1, 1;
L_0x7fd58ac453b0 .part v0x7fd58ac3e5f0_0, 2, 1;
L_0x7fd58ac41af0 .part L_0x7fd58ac41e40, 0, 1;
L_0x7fd58ac454b0 .part v0x7fd58ac3e5f0_0, 2, 1;
LS_0x7fd58ac45550_0_0 .concat8 [ 1 1 1 1], L_0x7fd58ac41a50, L_0x7fd58ac451f0, L_0x7fd58ac44d20, L_0x7fd58ac44f90;
LS_0x7fd58ac45550_0_4 .concat8 [ 1 1 1 1], L_0x7fd58ac44770, L_0x7fd58ac44550, L_0x7fd58ac44120, L_0x7fd58ac43c90;
LS_0x7fd58ac45550_0_8 .concat8 [ 1 1 1 1], L_0x7fd58ac43850, L_0x7fd58ac43950, L_0x7fd58ac431e0, L_0x7fd58ac432b0;
LS_0x7fd58ac45550_0_12 .concat8 [ 1 1 1 1], L_0x7fd58ac42bd0, L_0x7fd58ac42940, L_0x7fd58ac42780, L_0x7fd58ac41d00;
L_0x7fd58ac45550 .concat8 [ 4 4 4 4], LS_0x7fd58ac45550_0_0, LS_0x7fd58ac45550_0_4, LS_0x7fd58ac45550_0_8, LS_0x7fd58ac45550_0_12;
L_0x7fd58ac45e10 .part L_0x7fd58ac45550, 15, 1;
L_0x7fd58ac45780 .part L_0x7fd58ac45550, 13, 1;
L_0x7fd58ac45860 .part v0x7fd58ac3e5f0_0, 1, 1;
L_0x7fd58ac46200 .part L_0x7fd58ac45550, 14, 1;
L_0x7fd58ac46320 .part L_0x7fd58ac45550, 12, 1;
L_0x7fd58ac45f30 .part v0x7fd58ac3e5f0_0, 1, 1;
L_0x7fd58ac460b0 .part L_0x7fd58ac45550, 13, 1;
L_0x7fd58ac466b0 .part L_0x7fd58ac45550, 11, 1;
L_0x7fd58ac46750 .part v0x7fd58ac3e5f0_0, 1, 1;
L_0x7fd58ac46460 .part L_0x7fd58ac45550, 12, 1;
L_0x7fd58ac46b30 .part L_0x7fd58ac45550, 10, 1;
L_0x7fd58ac46830 .part v0x7fd58ac3e5f0_0, 1, 1;
L_0x7fd58ac46970 .part L_0x7fd58ac45550, 11, 1;
L_0x7fd58ac46a10 .part L_0x7fd58ac45550, 9, 1;
L_0x7fd58ac46ef0 .part v0x7fd58ac3e5f0_0, 1, 1;
L_0x7fd58ac46c70 .part L_0x7fd58ac45550, 10, 1;
L_0x7fd58ac46d50 .part L_0x7fd58ac45550, 8, 1;
L_0x7fd58ac46e30 .part v0x7fd58ac3e5f0_0, 1, 1;
L_0x7fd58ac473b0 .part L_0x7fd58ac45550, 9, 1;
L_0x7fd58ac46f90 .part L_0x7fd58ac45550, 7, 1;
L_0x7fd58ac47070 .part v0x7fd58ac3e5f0_0, 1, 1;
L_0x7fd58ac471f0 .part L_0x7fd58ac45550, 8, 1;
L_0x7fd58ac46540 .part L_0x7fd58ac45550, 6, 1;
L_0x7fd58ac47490 .part v0x7fd58ac3e5f0_0, 1, 1;
L_0x7fd58ac47610 .part L_0x7fd58ac45550, 7, 1;
L_0x7fd58ac476f0 .part L_0x7fd58ac45550, 5, 1;
L_0x7fd58ac47d70 .part v0x7fd58ac3e5f0_0, 1, 1;
L_0x7fd58ac47a90 .part L_0x7fd58ac45550, 6, 1;
L_0x7fd58ac47b70 .part L_0x7fd58ac45550, 4, 1;
L_0x7fd58ac47c50 .part v0x7fd58ac3e5f0_0, 1, 1;
L_0x7fd58ac48290 .part L_0x7fd58ac45550, 5, 1;
L_0x7fd58ac47e50 .part L_0x7fd58ac45550, 3, 1;
L_0x7fd58ac47f30 .part v0x7fd58ac3e5f0_0, 1, 1;
L_0x7fd58ac480b0 .part L_0x7fd58ac45550, 4, 1;
L_0x7fd58ac486f0 .part L_0x7fd58ac45550, 2, 1;
L_0x7fd58ac48330 .part v0x7fd58ac3e5f0_0, 1, 1;
L_0x7fd58ac484b0 .part L_0x7fd58ac45550, 3, 1;
L_0x7fd58ac48590 .part L_0x7fd58ac45550, 1, 1;
L_0x7fd58ac48b70 .part v0x7fd58ac3e5f0_0, 1, 1;
L_0x7fd58ac48830 .part L_0x7fd58ac45550, 2, 1;
L_0x7fd58ac488d0 .part L_0x7fd58ac45550, 0, 1;
L_0x7fd58ac489b0 .part v0x7fd58ac3e5f0_0, 1, 1;
L_0x7fd58ac48c10 .part L_0x7fd58ac45550, 1, 1;
L_0x7fd58ac48cf0 .part v0x7fd58ac3e5f0_0, 1, 1;
L_0x7fd58ac48e70 .part L_0x7fd58ac45550, 0, 1;
L_0x7fd58ac49000 .part v0x7fd58ac3e5f0_0, 1, 1;
LS_0x7fd58ac490a0_0_0 .concat8 [ 1 1 1 1], L_0x7fd58ac48dd0, L_0x7fd58ac48a90, L_0x7fd58ac48790, L_0x7fd58ac48410;
LS_0x7fd58ac490a0_0_4 .concat8 [ 1 1 1 1], L_0x7fd58ac48010, L_0x7fd58ac481f0, L_0x7fd58ac479f0, L_0x7fd58ac47570;
LS_0x7fd58ac490a0_0_8 .concat8 [ 1 1 1 1], L_0x7fd58ac47150, L_0x7fd58ac47310, L_0x7fd58ac46bd0, L_0x7fd58ac468d0;
LS_0x7fd58ac490a0_0_12 .concat8 [ 1 1 1 1], L_0x7fd58ac463c0, L_0x7fd58ac46010, L_0x7fd58ac45940, L_0x7fd58ac45d70;
L_0x7fd58ac490a0 .concat8 [ 4 4 4 4], LS_0x7fd58ac490a0_0_0, LS_0x7fd58ac490a0_0_4, LS_0x7fd58ac490a0_0_8, LS_0x7fd58ac490a0_0_12;
L_0x7fd58ac49670 .part L_0x7fd58ac490a0, 15, 1;
L_0x7fd58ac49790 .part L_0x7fd58ac490a0, 14, 1;
L_0x7fd58ac49870 .part v0x7fd58ac3e5f0_0, 0, 1;
L_0x7fd58ac499f0 .part L_0x7fd58ac490a0, 14, 1;
L_0x7fd58ac49b50 .part L_0x7fd58ac490a0, 13, 1;
L_0x7fd58ac49bf0 .part v0x7fd58ac3e5f0_0, 0, 1;
L_0x7fd58ac49d70 .part L_0x7fd58ac490a0, 13, 1;
L_0x7fd58ac49e50 .part L_0x7fd58ac490a0, 12, 1;
L_0x7fd58ac49f30 .part v0x7fd58ac3e5f0_0, 0, 1;
L_0x7fd58ac4a0b0 .part L_0x7fd58ac490a0, 12, 1;
L_0x7fd58ac4a290 .part L_0x7fd58ac490a0, 11, 1;
L_0x7fd58ac4a370 .part v0x7fd58ac3e5f0_0, 0, 1;
L_0x7fd58ac4a4b0 .part L_0x7fd58ac490a0, 11, 1;
L_0x7fd58ac4a550 .part L_0x7fd58ac490a0, 10, 1;
L_0x7fd58ac4a630 .part v0x7fd58ac3e5f0_0, 0, 1;
L_0x7fd58ac4a7b0 .part L_0x7fd58ac490a0, 10, 1;
L_0x7fd58ac4a890 .part L_0x7fd58ac490a0, 9, 1;
L_0x7fd58ac4a970 .part v0x7fd58ac3e5f0_0, 0, 1;
L_0x7fd58ac4aaf0 .part L_0x7fd58ac490a0, 9, 1;
L_0x7fd58ac4abd0 .part L_0x7fd58ac490a0, 8, 1;
L_0x7fd58ac4acb0 .part v0x7fd58ac3e5f0_0, 0, 1;
L_0x7fd58ac4ae30 .part L_0x7fd58ac490a0, 8, 1;
L_0x7fd58ac4a190 .part L_0x7fd58ac490a0, 7, 1;
L_0x7fd58ac4b110 .part v0x7fd58ac3e5f0_0, 0, 1;
L_0x7fd58ac4b290 .part L_0x7fd58ac490a0, 7, 1;
L_0x7fd58ac4b370 .part L_0x7fd58ac490a0, 6, 1;
L_0x7fd58ac4b450 .part v0x7fd58ac3e5f0_0, 0, 1;
L_0x7fd58ac4b5d0 .part L_0x7fd58ac490a0, 6, 1;
L_0x7fd58ac4b6b0 .part L_0x7fd58ac490a0, 5, 1;
L_0x7fd58ac4b790 .part v0x7fd58ac3e5f0_0, 0, 1;
L_0x7fd58ac4b910 .part L_0x7fd58ac490a0, 5, 1;
L_0x7fd58ac4b9f0 .part L_0x7fd58ac490a0, 4, 1;
L_0x7fd58ac4bad0 .part v0x7fd58ac3e5f0_0, 0, 1;
L_0x7fd58ac4bc50 .part L_0x7fd58ac490a0, 4, 1;
L_0x7fd58ac4bd30 .part L_0x7fd58ac490a0, 3, 1;
L_0x7fd58ac4be10 .part v0x7fd58ac3e5f0_0, 0, 1;
L_0x7fd58ac4bf90 .part L_0x7fd58ac490a0, 3, 1;
L_0x7fd58ac4c070 .part L_0x7fd58ac490a0, 2, 1;
L_0x7fd58ac4c150 .part v0x7fd58ac3e5f0_0, 0, 1;
L_0x7fd58ac4c2d0 .part L_0x7fd58ac490a0, 2, 1;
L_0x7fd58ac4c3b0 .part L_0x7fd58ac490a0, 1, 1;
L_0x7fd58ac4c490 .part v0x7fd58ac3e5f0_0, 0, 1;
L_0x7fd58ac4c610 .part L_0x7fd58ac490a0, 1, 1;
L_0x7fd58ac4c6f0 .part L_0x7fd58ac490a0, 0, 1;
L_0x7fd58ac4c7d0 .part v0x7fd58ac3e5f0_0, 0, 1;
L_0x7fd58ac4c950 .part L_0x7fd58ac490a0, 0, 1;
L_0x7fd58ac4af50 .part v0x7fd58ac3e5f0_0, 0, 1;
LS_0x7fd58ac4b030_0_0 .concat8 [ 1 1 1 1], L_0x7fd58ac4c8b0, L_0x7fd58ac4c570, L_0x7fd58ac4c230, L_0x7fd58ac4bef0;
LS_0x7fd58ac4b030_0_4 .concat8 [ 1 1 1 1], L_0x7fd58ac4bbb0, L_0x7fd58ac4b870, L_0x7fd58ac4b530, L_0x7fd58ac4b1f0;
LS_0x7fd58ac4b030_0_8 .concat8 [ 1 1 1 1], L_0x7fd58ac4ad90, L_0x7fd58ac4aa50, L_0x7fd58ac4a710, L_0x7fd58ac4a410;
LS_0x7fd58ac4b030_0_12 .concat8 [ 1 1 1 1], L_0x7fd58ac4a010, L_0x7fd58ac49cd0, L_0x7fd58ac49950, L_0x7fd58ac495d0;
L_0x7fd58ac4b030 .concat8 [ 4 4 4 4], LS_0x7fd58ac4b030_0_0, LS_0x7fd58ac4b030_0_4, LS_0x7fd58ac4b030_0_8, LS_0x7fd58ac4b030_0_12;
S_0x7fd58ac14330 .scope module, "ins_00" "mux2X1" 3 81, 4 1 0, S_0x7fd58ac18320;
 .timescale 0 0;
    .port_info 0 /INPUT 1 "in0"
    .port_info 1 /INPUT 1 "in1"
    .port_info 2 /INPUT 1 "sel"
    .port_info 3 /OUTPUT 1 "out"
v0x7fd58ac16cf0_0 .net "in0", 0 0, L_0x7fd58ac4c950;  1 drivers
L_0x10999d3f8 .functor BUFT 1, C4<0>, C4<0>, C4<0>, C4<0>;
v0x7fd58ac29e30_0 .net "in1", 0 0, L_0x10999d3f8;  1 drivers
v0x7fd58ac29ed0_0 .net "out", 0 0, L_0x7fd58ac4c8b0;  1 drivers
v0x7fd58ac29f80_0 .net "sel", 0 0, L_0x7fd58ac4af50;  1 drivers
L_0x7fd58ac4c8b0 .functor MUXZ 1, L_0x7fd58ac4c950, L_0x10999d3f8, L_0x7fd58ac4af50, C4<>;
S_0x7fd58ac2a080 .scope module, "ins_01" "mux2X1" 3 80, 4 1 0, S_0x7fd58ac18320;
 .timescale 0 0;
    .port_info 0 /INPUT 1 "in0"
    .port_info 1 /INPUT 1 "in1"
    .port_info 2 /INPUT 1 "sel"
    .port_info 3 /OUTPUT 1 "out"
v0x7fd58ac2a2a0_0 .net "in0", 0 0, L_0x7fd58ac4c610;  1 drivers
v0x7fd58ac2a340_0 .net "in1", 0 0, L_0x7fd58ac4c6f0;  1 drivers
v0x7fd58ac2a3e0_0 .net "out", 0 0, L_0x7fd58ac4c570;  1 drivers
v0x7fd58ac2a490_0 .net "sel", 0 0, L_0x7fd58ac4c7d0;  1 drivers
L_0x7fd58ac4c570 .functor MUXZ 1, L_0x7fd58ac4c610, L_0x7fd58ac4c6f0, L_0x7fd58ac4c7d0, C4<>;
S_0x7fd58ac2a590 .scope module, "ins_02" "mux2X1" 3 79, 4 1 0, S_0x7fd58ac18320;
 .timescale 0 0;
    .port_info 0 /INPUT 1 "in0"
    .port_info 1 /INPUT 1 "in1"
    .port_info 2 /INPUT 1 "sel"
    .port_info 3 /OUTPUT 1 "out"
v0x7fd58ac2a7c0_0 .net "in0", 0 0, L_0x7fd58ac4c2d0;  1 drivers
v0x7fd58ac2a860_0 .net "in1", 0 0, L_0x7fd58ac4c3b0;  1 drivers
v0x7fd58ac2a900_0 .net "out", 0 0, L_0x7fd58ac4c230;  1 drivers
v0x7fd58ac2a9b0_0 .net "sel", 0 0, L_0x7fd58ac4c490;  1 drivers
L_0x7fd58ac4c230 .functor MUXZ 1, L_0x7fd58ac4c2d0, L_0x7fd58ac4c3b0, L_0x7fd58ac4c490, C4<>;
S_0x7fd58ac2aab0 .scope module, "ins_03" "mux2X1" 3 78, 4 1 0, S_0x7fd58ac18320;
 .timescale 0 0;
    .port_info 0 /INPUT 1 "in0"
    .port_info 1 /INPUT 1 "in1"
    .port_info 2 /INPUT 1 "sel"
    .port_info 3 /OUTPUT 1 "out"
v0x7fd58ac2acc0_0 .net "in0", 0 0, L_0x7fd58ac4bf90;  1 drivers
v0x7fd58ac2ad70_0 .net "in1", 0 0, L_0x7fd58ac4c070;  1 drivers
v0x7fd58ac2ae10_0 .net "out", 0 0, L_0x7fd58ac4bef0;  1 drivers
v0x7fd58ac2aec0_0 .net "sel", 0 0, L_0x7fd58ac4c150;  1 drivers
L_0x7fd58ac4bef0 .functor MUXZ 1, L_0x7fd58ac4bf90, L_0x7fd58ac4c070, L_0x7fd58ac4c150, C4<>;
S_0x7fd58ac2afc0 .scope module, "ins_04" "mux2X1" 3 77, 4 1 0, S_0x7fd58ac18320;
 .timescale 0 0;
    .port_info 0 /INPUT 1 "in0"
    .port_info 1 /INPUT 1 "in1"
    .port_info 2 /INPUT 1 "sel"
    .port_info 3 /OUTPUT 1 "out"
v0x7fd58ac2b210_0 .net "in0", 0 0, L_0x7fd58ac4bc50;  1 drivers
v0x7fd58ac2b2a0_0 .net "in1", 0 0, L_0x7fd58ac4bd30;  1 drivers
v0x7fd58ac2b340_0 .net "out", 0 0, L_0x7fd58ac4bbb0;  1 drivers
v0x7fd58ac2b3f0_0 .net "sel", 0 0, L_0x7fd58ac4be10;  1 drivers
L_0x7fd58ac4bbb0 .functor MUXZ 1, L_0x7fd58ac4bc50, L_0x7fd58ac4bd30, L_0x7fd58ac4be10, C4<>;
S_0x7fd58ac2b4f0 .scope module, "ins_05" "mux2X1" 3 76, 4 1 0, S_0x7fd58ac18320;
 .timescale 0 0;
    .port_info 0 /INPUT 1 "in0"
    .port_info 1 /INPUT 1 "in1"
    .port_info 2 /INPUT 1 "sel"
    .port_info 3 /OUTPUT 1 "out"
v0x7fd58ac2b700_0 .net "in0", 0 0, L_0x7fd58ac4b910;  1 drivers
v0x7fd58ac2b7b0_0 .net "in1", 0 0, L_0x7fd58ac4b9f0;  1 drivers
v0x7fd58ac2b850_0 .net "out", 0 0, L_0x7fd58ac4b870;  1 drivers
v0x7fd58ac2b900_0 .net "sel", 0 0, L_0x7fd58ac4bad0;  1 drivers
L_0x7fd58ac4b870 .functor MUXZ 1, L_0x7fd58ac4b910, L_0x7fd58ac4b9f0, L_0x7fd58ac4bad0, C4<>;
S_0x7fd58ac2ba00 .scope module, "ins_06" "mux2X1" 3 75, 4 1 0, S_0x7fd58ac18320;
 .timescale 0 0;
    .port_info 0 /INPUT 1 "in0"
    .port_info 1 /INPUT 1 "in1"
    .port_info 2 /INPUT 1 "sel"
    .port_info 3 /OUTPUT 1 "out"
v0x7fd58ac2bc10_0 .net "in0", 0 0, L_0x7fd58ac4b5d0;  1 drivers
v0x7fd58ac2bcc0_0 .net "in1", 0 0, L_0x7fd58ac4b6b0;  1 drivers
v0x7fd58ac2bd60_0 .net "out", 0 0, L_0x7fd58ac4b530;  1 drivers
v0x7fd58ac2be10_0 .net "sel", 0 0, L_0x7fd58ac4b790;  1 drivers
L_0x7fd58ac4b530 .functor MUXZ 1, L_0x7fd58ac4b5d0, L_0x7fd58ac4b6b0, L_0x7fd58ac4b790, C4<>;
S_0x7fd58ac2bf10 .scope module, "ins_07" "mux2X1" 3 74, 4 1 0, S_0x7fd58ac18320;
 .timescale 0 0;
    .port_info 0 /INPUT 1 "in0"
    .port_info 1 /INPUT 1 "in1"
    .port_info 2 /INPUT 1 "sel"
    .port_info 3 /OUTPUT 1 "out"
v0x7fd58ac2c120_0 .net "in0", 0 0, L_0x7fd58ac4b290;  1 drivers
v0x7fd58ac2c1d0_0 .net "in1", 0 0, L_0x7fd58ac4b370;  1 drivers
v0x7fd58ac2c270_0 .net "out", 0 0, L_0x7fd58ac4b1f0;  1 drivers
v0x7fd58ac2c320_0 .net "sel", 0 0, L_0x7fd58ac4b450;  1 drivers
L_0x7fd58ac4b1f0 .functor MUXZ 1, L_0x7fd58ac4b290, L_0x7fd58ac4b370, L_0x7fd58ac4b450, C4<>;
S_0x7fd58ac2c420 .scope module, "ins_10" "mux2X1" 3 44, 4 1 0, S_0x7fd58ac18320;
 .timescale 0 0;
    .port_info 0 /INPUT 1 "in0"
    .port_info 1 /INPUT 1 "in1"
    .port_info 2 /INPUT 1 "sel"
    .port_info 3 /OUTPUT 1 "out"
v0x7fd58ac2c6b0_0 .net "in0", 0 0, L_0x7fd58ac41af0;  1 drivers
L_0x10999d320 .functor BUFT 1, C4<0>, C4<0>, C4<0>, C4<0>;
v0x7fd58ac2c760_0 .net "in1", 0 0, L_0x10999d320;  1 drivers
v0x7fd58ac2c800_0 .net "out", 0 0, L_0x7fd58ac41a50;  1 drivers
v0x7fd58ac2c890_0 .net "sel", 0 0, L_0x7fd58ac454b0;  1 drivers
L_0x7fd58ac41a50 .functor MUXZ 1, L_0x7fd58ac41af0, L_0x10999d320, L_0x7fd58ac454b0, C4<>;
S_0x7fd58ac2c970 .scope module, "ins_11" "mux2X1" 3 43, 4 1 0, S_0x7fd58ac18320;
 .timescale 0 0;
    .port_info 0 /INPUT 1 "in0"
    .port_info 1 /INPUT 1 "in1"
    .port_info 2 /INPUT 1 "sel"
    .port_info 3 /OUTPUT 1 "out"
v0x7fd58ac2cb80_0 .net "in0", 0 0, L_0x7fd58ac45290;  1 drivers
L_0x10999d2d8 .functor BUFT 1, C4<0>, C4<0>, C4<0>, C4<0>;
v0x7fd58ac2cc30_0 .net "in1", 0 0, L_0x10999d2d8;  1 drivers
v0x7fd58ac2ccd0_0 .net "out", 0 0, L_0x7fd58ac451f0;  1 drivers
v0x7fd58ac2cd80_0 .net "sel", 0 0, L_0x7fd58ac453b0;  1 drivers
L_0x7fd58ac451f0 .functor MUXZ 1, L_0x7fd58ac45290, L_0x10999d2d8, L_0x7fd58ac453b0, C4<>;
S_0x7fd58ac2ce80 .scope module, "ins_12" "mux2X1" 3 42, 4 1 0, S_0x7fd58ac18320;
 .timescale 0 0;
    .port_info 0 /INPUT 1 "in0"
    .port_info 1 /INPUT 1 "in1"
    .port_info 2 /INPUT 1 "sel"
    .port_info 3 /OUTPUT 1 "out"
v0x7fd58ac2d090_0 .net "in0", 0 0, L_0x7fd58ac44dc0;  1 drivers
L_0x10999d290 .functor BUFT 1, C4<0>, C4<0>, C4<0>, C4<0>;
v0x7fd58ac2d140_0 .net "in1", 0 0, L_0x10999d290;  1 drivers
v0x7fd58ac2d1e0_0 .net "out", 0 0, L_0x7fd58ac44d20;  1 drivers
v0x7fd58ac2d290_0 .net "sel", 0 0, L_0x7fd58ac44ee0;  1 drivers
L_0x7fd58ac44d20 .functor MUXZ 1, L_0x7fd58ac44dc0, L_0x10999d290, L_0x7fd58ac44ee0, C4<>;
S_0x7fd58ac2d390 .scope module, "ins_13" "mux2X1" 3 41, 4 1 0, S_0x7fd58ac18320;
 .timescale 0 0;
    .port_info 0 /INPUT 1 "in0"
    .port_info 1 /INPUT 1 "in1"
    .port_info 2 /INPUT 1 "sel"
    .port_info 3 /OUTPUT 1 "out"
v0x7fd58ac2d5a0_0 .net "in0", 0 0, L_0x7fd58ac45030;  1 drivers
L_0x10999d248 .functor BUFT 1, C4<0>, C4<0>, C4<0>, C4<0>;
v0x7fd58ac2d650_0 .net "in1", 0 0, L_0x10999d248;  1 drivers
v0x7fd58ac2d6f0_0 .net "out", 0 0, L_0x7fd58ac44f90;  1 drivers
v0x7fd58ac2d7a0_0 .net "sel", 0 0, L_0x7fd58ac45150;  1 drivers
L_0x7fd58ac44f90 .functor MUXZ 1, L_0x7fd58ac45030, L_0x10999d248, L_0x7fd58ac45150, C4<>;
S_0x7fd58ac2d8a0 .scope module, "ins_14" "mux2X1" 3 40, 4 1 0, S_0x7fd58ac18320;
 .timescale 0 0;
    .port_info 0 /INPUT 1 "in0"
    .port_info 1 /INPUT 1 "in1"
    .port_info 2 /INPUT 1 "sel"
    .port_info 3 /OUTPUT 1 "out"
v0x7fd58ac2dab0_0 .net "in0", 0 0, L_0x7fd58ac44810;  1 drivers
v0x7fd58ac2db60_0 .net "in1", 0 0, L_0x7fd58ac44a90;  1 drivers
v0x7fd58ac2dc00_0 .net "out", 0 0, L_0x7fd58ac44770;  1 drivers
v0x7fd58ac2dcb0_0 .net "sel", 0 0, L_0x7fd58ac44b70;  1 drivers
L_0x7fd58ac44770 .functor MUXZ 1, L_0x7fd58ac44810, L_0x7fd58ac44a90, L_0x7fd58ac44b70, C4<>;
S_0x7fd58ac2ddb0 .scope module, "ins_15" "mux2X1" 3 39, 4 1 0, S_0x7fd58ac18320;
 .timescale 0 0;
    .port_info 0 /INPUT 1 "in0"
    .port_info 1 /INPUT 1 "in1"
    .port_info 2 /INPUT 1 "sel"
    .port_info 3 /OUTPUT 1 "out"
v0x7fd58ac2dfc0_0 .net "in0", 0 0, L_0x7fd58ac448d0;  1 drivers
v0x7fd58ac2e070_0 .net "in1", 0 0, L_0x7fd58ac449b0;  1 drivers
v0x7fd58ac2e110_0 .net "out", 0 0, L_0x7fd58ac44550;  1 drivers
v0x7fd58ac2e1c0_0 .net "sel", 0 0, L_0x7fd58ac44690;  1 drivers
L_0x7fd58ac44550 .functor MUXZ 1, L_0x7fd58ac448d0, L_0x7fd58ac449b0, L_0x7fd58ac44690, C4<>;
S_0x7fd58ac2e2c0 .scope module, "ins_16" "mux2X1" 3 38, 4 1 0, S_0x7fd58ac18320;
 .timescale 0 0;
    .port_info 0 /INPUT 1 "in0"
    .port_info 1 /INPUT 1 "in1"
    .port_info 2 /INPUT 1 "sel"
    .port_info 3 /OUTPUT 1 "out"
v0x7fd58ac2e4d0_0 .net "in0", 0 0, L_0x7fd58ac445f0;  1 drivers
v0x7fd58ac2e580_0 .net "in1", 0 0, L_0x7fd58ac443d0;  1 drivers
v0x7fd58ac2e620_0 .net "out", 0 0, L_0x7fd58ac44120;  1 drivers
v0x7fd58ac2e6d0_0 .net "sel", 0 0, L_0x7fd58ac44470;  1 drivers
L_0x7fd58ac44120 .functor MUXZ 1, L_0x7fd58ac445f0, L_0x7fd58ac443d0, L_0x7fd58ac44470, C4<>;
S_0x7fd58ac2e7d0 .scope module, "ins_17" "mux2X1" 3 37, 4 1 0, S_0x7fd58ac18320;
 .timescale 0 0;
    .port_info 0 /INPUT 1 "in0"
    .port_info 1 /INPUT 1 "in1"
    .port_info 2 /INPUT 1 "sel"
    .port_info 3 /OUTPUT 1 "out"
v0x7fd58ac2e9e0_0 .net "in0", 0 0, L_0x7fd58ac44250;  1 drivers
v0x7fd58ac2ea90_0 .net "in1", 0 0, L_0x7fd58ac442f0;  1 drivers
v0x7fd58ac2eb30_0 .net "out", 0 0, L_0x7fd58ac43c90;  1 drivers
v0x7fd58ac2ebe0_0 .net "sel", 0 0, L_0x7fd58ac44040;  1 drivers
L_0x7fd58ac43c90 .functor MUXZ 1, L_0x7fd58ac44250, L_0x7fd58ac442f0, L_0x7fd58ac44040, C4<>;
S_0x7fd58ac2ece0 .scope module, "ins_20" "mux2X1" 3 63, 4 1 0, S_0x7fd58ac18320;
 .timescale 0 0;
    .port_info 0 /INPUT 1 "in0"
    .port_info 1 /INPUT 1 "in1"
    .port_info 2 /INPUT 1 "sel"
    .port_info 3 /OUTPUT 1 "out"
v0x7fd58ac2eff0_0 .net "in0", 0 0, L_0x7fd58ac48e70;  1 drivers
L_0x10999d3b0 .functor BUFT 1, C4<0>, C4<0>, C4<0>, C4<0>;
v0x7fd58ac2f0a0_0 .net "in1", 0 0, L_0x10999d3b0;  1 drivers
v0x7fd58ac2f140_0 .net "out", 0 0, L_0x7fd58ac48dd0;  1 drivers
v0x7fd58ac2f1d0_0 .net "sel", 0 0, L_0x7fd58ac49000;  1 drivers
L_0x7fd58ac48dd0 .functor MUXZ 1, L_0x7fd58ac48e70, L_0x10999d3b0, L_0x7fd58ac49000, C4<>;
S_0x7fd58ac2f270 .scope module, "ins_21" "mux2X1" 3 62, 4 1 0, S_0x7fd58ac18320;
 .timescale 0 0;
    .port_info 0 /INPUT 1 "in0"
    .port_info 1 /INPUT 1 "in1"
    .port_info 2 /INPUT 1 "sel"
    .port_info 3 /OUTPUT 1 "out"
v0x7fd58ac2f480_0 .net "in0", 0 0, L_0x7fd58ac48c10;  1 drivers
L_0x10999d368 .functor BUFT 1, C4<0>, C4<0>, C4<0>, C4<0>;
v0x7fd58ac2f530_0 .net "in1", 0 0, L_0x10999d368;  1 drivers
v0x7fd58ac2f5d0_0 .net "out", 0 0, L_0x7fd58ac48a90;  1 drivers
v0x7fd58ac2f680_0 .net "sel", 0 0, L_0x7fd58ac48cf0;  1 drivers
L_0x7fd58ac48a90 .functor MUXZ 1, L_0x7fd58ac48c10, L_0x10999d368, L_0x7fd58ac48cf0, C4<>;
S_0x7fd58ac2f780 .scope module, "ins_22" "mux2X1" 3 61, 4 1 0, S_0x7fd58ac18320;
 .timescale 0 0;
    .port_info 0 /INPUT 1 "in0"
    .port_info 1 /INPUT 1 "in1"
    .port_info 2 /INPUT 1 "sel"
    .port_info 3 /OUTPUT 1 "out"
v0x7fd58ac2f990_0 .net "in0", 0 0, L_0x7fd58ac48830;  1 drivers
v0x7fd58ac2fa40_0 .net "in1", 0 0, L_0x7fd58ac488d0;  1 drivers
v0x7fd58ac2fae0_0 .net "out", 0 0, L_0x7fd58ac48790;  1 drivers
v0x7fd58ac2fb90_0 .net "sel", 0 0, L_0x7fd58ac489b0;  1 drivers
L_0x7fd58ac48790 .functor MUXZ 1, L_0x7fd58ac48830, L_0x7fd58ac488d0, L_0x7fd58ac489b0, C4<>;
S_0x7fd58ac2fc90 .scope module, "ins_23" "mux2X1" 3 60, 4 1 0, S_0x7fd58ac18320;
 .timescale 0 0;
    .port_info 0 /INPUT 1 "in0"
    .port_info 1 /INPUT 1 "in1"
    .port_info 2 /INPUT 1 "sel"
    .port_info 3 /OUTPUT 1 "out"
v0x7fd58ac2fea0_0 .net "in0", 0 0, L_0x7fd58ac484b0;  1 drivers
v0x7fd58ac2ff50_0 .net "in1", 0 0, L_0x7fd58ac48590;  1 drivers
v0x7fd58ac2fff0_0 .net "out", 0 0, L_0x7fd58ac48410;  1 drivers
v0x7fd58ac300a0_0 .net "sel", 0 0, L_0x7fd58ac48b70;  1 drivers
L_0x7fd58ac48410 .functor MUXZ 1, L_0x7fd58ac484b0, L_0x7fd58ac48590, L_0x7fd58ac48b70, C4<>;
S_0x7fd58ac301a0 .scope module, "ins_24" "mux2X1" 3 59, 4 1 0, S_0x7fd58ac18320;
 .timescale 0 0;
    .port_info 0 /INPUT 1 "in0"
    .port_info 1 /INPUT 1 "in1"
    .port_info 2 /INPUT 1 "sel"
    .port_info 3 /OUTPUT 1 "out"
v0x7fd58ac303b0_0 .net "in0", 0 0, L_0x7fd58ac480b0;  1 drivers
v0x7fd58ac30460_0 .net "in1", 0 0, L_0x7fd58ac486f0;  1 drivers
v0x7fd58ac30500_0 .net "out", 0 0, L_0x7fd58ac48010;  1 drivers
v0x7fd58ac305b0_0 .net "sel", 0 0, L_0x7fd58ac48330;  1 drivers
L_0x7fd58ac48010 .functor MUXZ 1, L_0x7fd58ac480b0, L_0x7fd58ac486f0, L_0x7fd58ac48330, C4<>;
S_0x7fd58ac306b0 .scope module, "ins_25" "mux2X1" 3 58, 4 1 0, S_0x7fd58ac18320;
 .timescale 0 0;
    .port_info 0 /INPUT 1 "in0"
    .port_info 1 /INPUT 1 "in1"
    .port_info 2 /INPUT 1 "sel"
    .port_info 3 /OUTPUT 1 "out"
v0x7fd58ac308c0_0 .net "in0", 0 0, L_0x7fd58ac48290;  1 drivers
v0x7fd58ac30970_0 .net "in1", 0 0, L_0x7fd58ac47e50;  1 drivers
v0x7fd58ac30a10_0 .net "out", 0 0, L_0x7fd58ac481f0;  1 drivers
v0x7fd58ac30ac0_0 .net "sel", 0 0, L_0x7fd58ac47f30;  1 drivers
L_0x7fd58ac481f0 .functor MUXZ 1, L_0x7fd58ac48290, L_0x7fd58ac47e50, L_0x7fd58ac47f30, C4<>;
S_0x7fd58ac30bc0 .scope module, "ins_26" "mux2X1" 3 57, 4 1 0, S_0x7fd58ac18320;
 .timescale 0 0;
    .port_info 0 /INPUT 1 "in0"
    .port_info 1 /INPUT 1 "in1"
    .port_info 2 /INPUT 1 "sel"
    .port_info 3 /OUTPUT 1 "out"
v0x7fd58ac30dd0_0 .net "in0", 0 0, L_0x7fd58ac47a90;  1 drivers
v0x7fd58ac30e80_0 .net "in1", 0 0, L_0x7fd58ac47b70;  1 drivers
v0x7fd58ac30f20_0 .net "out", 0 0, L_0x7fd58ac479f0;  1 drivers
v0x7fd58ac30fd0_0 .net "sel", 0 0, L_0x7fd58ac47c50;  1 drivers
L_0x7fd58ac479f0 .functor MUXZ 1, L_0x7fd58ac47a90, L_0x7fd58ac47b70, L_0x7fd58ac47c50, C4<>;
S_0x7fd58ac310d0 .scope module, "ins_27" "mux2X1" 3 56, 4 1 0, S_0x7fd58ac18320;
 .timescale 0 0;
    .port_info 0 /INPUT 1 "in0"
    .port_info 1 /INPUT 1 "in1"
    .port_info 2 /INPUT 1 "sel"
    .port_info 3 /OUTPUT 1 "out"
v0x7fd58ac312e0_0 .net "in0", 0 0, L_0x7fd58ac47610;  1 drivers
v0x7fd58ac31390_0 .net "in1", 0 0, L_0x7fd58ac476f0;  1 drivers
v0x7fd58ac31430_0 .net "out", 0 0, L_0x7fd58ac47570;  1 drivers
v0x7fd58ac314e0_0 .net "sel", 0 0, L_0x7fd58ac47d70;  1 drivers
L_0x7fd58ac47570 .functor MUXZ 1, L_0x7fd58ac47610, L_0x7fd58ac476f0, L_0x7fd58ac47d70, C4<>;
S_0x7fd58ac315e0 .scope module, "ins_50" "mux2X1" 3 73, 4 1 0, S_0x7fd58ac18320;
 .timescale 0 0;
    .port_info 0 /INPUT 1 "in0"
    .port_info 1 /INPUT 1 "in1"
    .port_info 2 /INPUT 1 "sel"
    .port_info 3 /OUTPUT 1 "out"
v0x7fd58ac317f0_0 .net "in0", 0 0, L_0x7fd58ac4ae30;  1 drivers
v0x7fd58ac318a0_0 .net "in1", 0 0, L_0x7fd58ac4a190;  1 drivers
v0x7fd58ac31940_0 .net "out", 0 0, L_0x7fd58ac4ad90;  1 drivers
v0x7fd58ac319f0_0 .net "sel", 0 0, L_0x7fd58ac4b110;  1 drivers
L_0x7fd58ac4ad90 .functor MUXZ 1, L_0x7fd58ac4ae30, L_0x7fd58ac4a190, L_0x7fd58ac4b110, C4<>;
S_0x7fd58ac31af0 .scope module, "ins_51" "mux2X1" 3 72, 4 1 0, S_0x7fd58ac18320;
 .timescale 0 0;
    .port_info 0 /INPUT 1 "in0"
    .port_info 1 /INPUT 1 "in1"
    .port_info 2 /INPUT 1 "sel"
    .port_info 3 /OUTPUT 1 "out"
v0x7fd58ac31d00_0 .net "in0", 0 0, L_0x7fd58ac4aaf0;  1 drivers
v0x7fd58ac31db0_0 .net "in1", 0 0, L_0x7fd58ac4abd0;  1 drivers
v0x7fd58ac31e50_0 .net "out", 0 0, L_0x7fd58ac4aa50;  1 drivers
v0x7fd58ac31f00_0 .net "sel", 0 0, L_0x7fd58ac4acb0;  1 drivers
L_0x7fd58ac4aa50 .functor MUXZ 1, L_0x7fd58ac4aaf0, L_0x7fd58ac4abd0, L_0x7fd58ac4acb0, C4<>;
S_0x7fd58ac32000 .scope module, "ins_52" "mux2X1" 3 71, 4 1 0, S_0x7fd58ac18320;
 .timescale 0 0;
    .port_info 0 /INPUT 1 "in0"
    .port_info 1 /INPUT 1 "in1"
    .port_info 2 /INPUT 1 "sel"
    .port_info 3 /OUTPUT 1 "out"
v0x7fd58ac32210_0 .net "in0", 0 0, L_0x7fd58ac4a7b0;  1 drivers
v0x7fd58ac322c0_0 .net "in1", 0 0, L_0x7fd58ac4a890;  1 drivers
v0x7fd58ac32360_0 .net "out", 0 0, L_0x7fd58ac4a710;  1 drivers
v0x7fd58ac32410_0 .net "sel", 0 0, L_0x7fd58ac4a970;  1 drivers
L_0x7fd58ac4a710 .functor MUXZ 1, L_0x7fd58ac4a7b0, L_0x7fd58ac4a890, L_0x7fd58ac4a970, C4<>;
S_0x7fd58ac32510 .scope module, "ins_53" "mux2X1" 3 70, 4 1 0, S_0x7fd58ac18320;
 .timescale 0 0;
    .port_info 0 /INPUT 1 "in0"
    .port_info 1 /INPUT 1 "in1"
    .port_info 2 /INPUT 1 "sel"
    .port_info 3 /OUTPUT 1 "out"
v0x7fd58ac32720_0 .net "in0", 0 0, L_0x7fd58ac4a4b0;  1 drivers
v0x7fd58ac327d0_0 .net "in1", 0 0, L_0x7fd58ac4a550;  1 drivers
v0x7fd58ac32870_0 .net "out", 0 0, L_0x7fd58ac4a410;  1 drivers
v0x7fd58ac32920_0 .net "sel", 0 0, L_0x7fd58ac4a630;  1 drivers
L_0x7fd58ac4a410 .functor MUXZ 1, L_0x7fd58ac4a4b0, L_0x7fd58ac4a550, L_0x7fd58ac4a630, C4<>;
S_0x7fd58ac32a20 .scope module, "ins_54" "mux2X1" 3 69, 4 1 0, S_0x7fd58ac18320;
 .timescale 0 0;
    .port_info 0 /INPUT 1 "in0"
    .port_info 1 /INPUT 1 "in1"
    .port_info 2 /INPUT 1 "sel"
    .port_info 3 /OUTPUT 1 "out"
v0x7fd58ac32c30_0 .net "in0", 0 0, L_0x7fd58ac4a0b0;  1 drivers
v0x7fd58ac32ce0_0 .net "in1", 0 0, L_0x7fd58ac4a290;  1 drivers
v0x7fd58ac32d80_0 .net "out", 0 0, L_0x7fd58ac4a010;  1 drivers
v0x7fd58ac32e30_0 .net "sel", 0 0, L_0x7fd58ac4a370;  1 drivers
L_0x7fd58ac4a010 .functor MUXZ 1, L_0x7fd58ac4a0b0, L_0x7fd58ac4a290, L_0x7fd58ac4a370, C4<>;
S_0x7fd58ac32f30 .scope module, "ins_55" "mux2X1" 3 68, 4 1 0, S_0x7fd58ac18320;
 .timescale 0 0;
    .port_info 0 /INPUT 1 "in0"
    .port_info 1 /INPUT 1 "in1"
    .port_info 2 /INPUT 1 "sel"
    .port_info 3 /OUTPUT 1 "out"
v0x7fd58ac33140_0 .net "in0", 0 0, L_0x7fd58ac49d70;  1 drivers
v0x7fd58ac331f0_0 .net "in1", 0 0, L_0x7fd58ac49e50;  1 drivers
v0x7fd58ac33290_0 .net "out", 0 0, L_0x7fd58ac49cd0;  1 drivers
v0x7fd58ac33340_0 .net "sel", 0 0, L_0x7fd58ac49f30;  1 drivers
L_0x7fd58ac49cd0 .functor MUXZ 1, L_0x7fd58ac49d70, L_0x7fd58ac49e50, L_0x7fd58ac49f30, C4<>;
S_0x7fd58ac33440 .scope module, "ins_56" "mux2X1" 3 67, 4 1 0, S_0x7fd58ac18320;
 .timescale 0 0;
    .port_info 0 /INPUT 1 "in0"
    .port_info 1 /INPUT 1 "in1"
    .port_info 2 /INPUT 1 "sel"
    .port_info 3 /OUTPUT 1 "out"
v0x7fd58ac33650_0 .net "in0", 0 0, L_0x7fd58ac499f0;  1 drivers
v0x7fd58ac33700_0 .net "in1", 0 0, L_0x7fd58ac49b50;  1 drivers
v0x7fd58ac337a0_0 .net "out", 0 0, L_0x7fd58ac49950;  1 drivers
v0x7fd58ac33850_0 .net "sel", 0 0, L_0x7fd58ac49bf0;  1 drivers
L_0x7fd58ac49950 .functor MUXZ 1, L_0x7fd58ac499f0, L_0x7fd58ac49b50, L_0x7fd58ac49bf0, C4<>;
S_0x7fd58ac33950 .scope module, "ins_57" "mux2X1" 3 66, 4 1 0, S_0x7fd58ac18320;
 .timescale 0 0;
    .port_info 0 /INPUT 1 "in0"
    .port_info 1 /INPUT 1 "in1"
    .port_info 2 /INPUT 1 "sel"
    .port_info 3 /OUTPUT 1 "out"
v0x7fd58ac33b60_0 .net "in0", 0 0, L_0x7fd58ac49670;  1 drivers
v0x7fd58ac33c10_0 .net "in1", 0 0, L_0x7fd58ac49790;  1 drivers
v0x7fd58ac33cb0_0 .net "out", 0 0, L_0x7fd58ac495d0;  1 drivers
v0x7fd58ac33d60_0 .net "sel", 0 0, L_0x7fd58ac49870;  1 drivers
L_0x7fd58ac495d0 .functor MUXZ 1, L_0x7fd58ac49670, L_0x7fd58ac49790, L_0x7fd58ac49870, C4<>;
S_0x7fd58ac33e60 .scope module, "ins_60" "mux2X1" 3 55, 4 1 0, S_0x7fd58ac18320;
 .timescale 0 0;
    .port_info 0 /INPUT 1 "in0"
    .port_info 1 /INPUT 1 "in1"
    .port_info 2 /INPUT 1 "sel"
    .port_info 3 /OUTPUT 1 "out"
v0x7fd58ac2eef0_0 .net "in0", 0 0, L_0x7fd58ac471f0;  1 drivers
v0x7fd58ac34220_0 .net "in1", 0 0, L_0x7fd58ac46540;  1 drivers
v0x7fd58ac342c0_0 .net "out", 0 0, L_0x7fd58ac47150;  1 drivers
v0x7fd58ac34370_0 .net "sel", 0 0, L_0x7fd58ac47490;  1 drivers
L_0x7fd58ac47150 .functor MUXZ 1, L_0x7fd58ac471f0, L_0x7fd58ac46540, L_0x7fd58ac47490, C4<>;
S_0x7fd58ac34470 .scope module, "ins_61" "mux2X1" 3 54, 4 1 0, S_0x7fd58ac18320;
 .timescale 0 0;
    .port_info 0 /INPUT 1 "in0"
    .port_info 1 /INPUT 1 "in1"
    .port_info 2 /INPUT 1 "sel"
    .port_info 3 /OUTPUT 1 "out"
v0x7fd58ac34680_0 .net "in0", 0 0, L_0x7fd58ac473b0;  1 drivers
v0x7fd58ac34730_0 .net "in1", 0 0, L_0x7fd58ac46f90;  1 drivers
v0x7fd58ac347d0_0 .net "out", 0 0, L_0x7fd58ac47310;  1 drivers
v0x7fd58ac34880_0 .net "sel", 0 0, L_0x7fd58ac47070;  1 drivers
L_0x7fd58ac47310 .functor MUXZ 1, L_0x7fd58ac473b0, L_0x7fd58ac46f90, L_0x7fd58ac47070, C4<>;
S_0x7fd58ac34980 .scope module, "ins_62" "mux2X1" 3 53, 4 1 0, S_0x7fd58ac18320;
 .timescale 0 0;
    .port_info 0 /INPUT 1 "in0"
    .port_info 1 /INPUT 1 "in1"
    .port_info 2 /INPUT 1 "sel"
    .port_info 3 /OUTPUT 1 "out"
v0x7fd58ac34b90_0 .net "in0", 0 0, L_0x7fd58ac46c70;  1 drivers
v0x7fd58ac34c40_0 .net "in1", 0 0, L_0x7fd58ac46d50;  1 drivers
v0x7fd58ac34ce0_0 .net "out", 0 0, L_0x7fd58ac46bd0;  1 drivers
v0x7fd58ac34d90_0 .net "sel", 0 0, L_0x7fd58ac46e30;  1 drivers
L_0x7fd58ac46bd0 .functor MUXZ 1, L_0x7fd58ac46c70, L_0x7fd58ac46d50, L_0x7fd58ac46e30, C4<>;
S_0x7fd58ac34e90 .scope module, "ins_63" "mux2X1" 3 52, 4 1 0, S_0x7fd58ac18320;
 .timescale 0 0;
    .port_info 0 /INPUT 1 "in0"
    .port_info 1 /INPUT 1 "in1"
    .port_info 2 /INPUT 1 "sel"
    .port_info 3 /OUTPUT 1 "out"
v0x7fd58ac350a0_0 .net "in0", 0 0, L_0x7fd58ac46970;  1 drivers
v0x7fd58ac35150_0 .net "in1", 0 0, L_0x7fd58ac46a10;  1 drivers
v0x7fd58ac351f0_0 .net "out", 0 0, L_0x7fd58ac468d0;  1 drivers
v0x7fd58ac352a0_0 .net "sel", 0 0, L_0x7fd58ac46ef0;  1 drivers
L_0x7fd58ac468d0 .functor MUXZ 1, L_0x7fd58ac46970, L_0x7fd58ac46a10, L_0x7fd58ac46ef0, C4<>;
S_0x7fd58ac353a0 .scope module, "ins_64" "mux2X1" 3 51, 4 1 0, S_0x7fd58ac18320;
 .timescale 0 0;
    .port_info 0 /INPUT 1 "in0"
    .port_info 1 /INPUT 1 "in1"
    .port_info 2 /INPUT 1 "sel"
    .port_info 3 /OUTPUT 1 "out"
v0x7fd58ac355b0_0 .net "in0", 0 0, L_0x7fd58ac46460;  1 drivers
v0x7fd58ac35660_0 .net "in1", 0 0, L_0x7fd58ac46b30;  1 drivers
v0x7fd58ac35700_0 .net "out", 0 0, L_0x7fd58ac463c0;  1 drivers
v0x7fd58ac357b0_0 .net "sel", 0 0, L_0x7fd58ac46830;  1 drivers
L_0x7fd58ac463c0 .functor MUXZ 1, L_0x7fd58ac46460, L_0x7fd58ac46b30, L_0x7fd58ac46830, C4<>;
S_0x7fd58ac358b0 .scope module, "ins_65" "mux2X1" 3 50, 4 1 0, S_0x7fd58ac18320;
 .timescale 0 0;
    .port_info 0 /INPUT 1 "in0"
    .port_info 1 /INPUT 1 "in1"
    .port_info 2 /INPUT 1 "sel"
    .port_info 3 /OUTPUT 1 "out"
v0x7fd58ac35ac0_0 .net "in0", 0 0, L_0x7fd58ac460b0;  1 drivers
v0x7fd58ac35b70_0 .net "in1", 0 0, L_0x7fd58ac466b0;  1 drivers
v0x7fd58ac35c10_0 .net "out", 0 0, L_0x7fd58ac46010;  1 drivers
v0x7fd58ac35cc0_0 .net "sel", 0 0, L_0x7fd58ac46750;  1 drivers
L_0x7fd58ac46010 .functor MUXZ 1, L_0x7fd58ac460b0, L_0x7fd58ac466b0, L_0x7fd58ac46750, C4<>;
S_0x7fd58ac35dc0 .scope module, "ins_66" "mux2X1" 3 49, 4 1 0, S_0x7fd58ac18320;
 .timescale 0 0;
    .port_info 0 /INPUT 1 "in0"
    .port_info 1 /INPUT 1 "in1"
    .port_info 2 /INPUT 1 "sel"
    .port_info 3 /OUTPUT 1 "out"
v0x7fd58ac35fd0_0 .net "in0", 0 0, L_0x7fd58ac46200;  1 drivers
v0x7fd58ac36080_0 .net "in1", 0 0, L_0x7fd58ac46320;  1 drivers
v0x7fd58ac36120_0 .net "out", 0 0, L_0x7fd58ac45940;  1 drivers
v0x7fd58ac361d0_0 .net "sel", 0 0, L_0x7fd58ac45f30;  1 drivers
L_0x7fd58ac45940 .functor MUXZ 1, L_0x7fd58ac46200, L_0x7fd58ac46320, L_0x7fd58ac45f30, C4<>;
S_0x7fd58ac362d0 .scope module, "ins_67" "mux2X1" 3 48, 4 1 0, S_0x7fd58ac18320;
 .timescale 0 0;
    .port_info 0 /INPUT 1 "in0"
    .port_info 1 /INPUT 1 "in1"
    .port_info 2 /INPUT 1 "sel"
    .port_info 3 /OUTPUT 1 "out"
v0x7fd58ac364e0_0 .net "in0", 0 0, L_0x7fd58ac45e10;  1 drivers
v0x7fd58ac36590_0 .net "in1", 0 0, L_0x7fd58ac45780;  1 drivers
v0x7fd58ac36630_0 .net "out", 0 0, L_0x7fd58ac45d70;  1 drivers
v0x7fd58ac366e0_0 .net "sel", 0 0, L_0x7fd58ac45860;  1 drivers
L_0x7fd58ac45d70 .functor MUXZ 1, L_0x7fd58ac45e10, L_0x7fd58ac45780, L_0x7fd58ac45860, C4<>;
S_0x7fd58ac367e0 .scope module, "ins_70" "mux2X1" 3 36, 4 1 0, S_0x7fd58ac18320;
 .timescale 0 0;
    .port_info 0 /INPUT 1 "in0"
    .port_info 1 /INPUT 1 "in1"
    .port_info 2 /INPUT 1 "sel"
    .port_info 3 /OUTPUT 1 "out"
v0x7fd58ac369f0_0 .net "in0", 0 0, L_0x7fd58ac43da0;  1 drivers
v0x7fd58ac36aa0_0 .net "in1", 0 0, L_0x7fd58ac43000;  1 drivers
v0x7fd58ac36b40_0 .net "out", 0 0, L_0x7fd58ac43850;  1 drivers
v0x7fd58ac36bf0_0 .net "sel", 0 0, L_0x7fd58ac43bb0;  1 drivers
L_0x7fd58ac43850 .functor MUXZ 1, L_0x7fd58ac43da0, L_0x7fd58ac43000, L_0x7fd58ac43bb0, C4<>;
S_0x7fd58ac36cf0 .scope module, "ins_71" "mux2X1" 3 35, 4 1 0, S_0x7fd58ac18320;
 .timescale 0 0;
    .port_info 0 /INPUT 1 "in0"
    .port_info 1 /INPUT 1 "in1"
    .port_info 2 /INPUT 1 "sel"
    .port_info 3 /OUTPUT 1 "out"
v0x7fd58ac36f00_0 .net "in0", 0 0, L_0x7fd58ac439f0;  1 drivers
v0x7fd58ac36fb0_0 .net "in1", 0 0, L_0x7fd58ac43ad0;  1 drivers
v0x7fd58ac37050_0 .net "out", 0 0, L_0x7fd58ac43950;  1 drivers
v0x7fd58ac37100_0 .net "sel", 0 0, L_0x7fd58ac43770;  1 drivers
L_0x7fd58ac43950 .functor MUXZ 1, L_0x7fd58ac439f0, L_0x7fd58ac43ad0, L_0x7fd58ac43770, C4<>;
S_0x7fd58ac37200 .scope module, "ins_72" "mux2X1" 3 34, 4 1 0, S_0x7fd58ac18320;
 .timescale 0 0;
    .port_info 0 /INPUT 1 "in0"
    .port_info 1 /INPUT 1 "in1"
    .port_info 2 /INPUT 1 "sel"
    .port_info 3 /OUTPUT 1 "out"
v0x7fd58ac37410_0 .net "in0", 0 0, L_0x7fd58ac43690;  1 drivers
v0x7fd58ac374c0_0 .net "in1", 0 0, L_0x7fd58ac434d0;  1 drivers
v0x7fd58ac37560_0 .net "out", 0 0, L_0x7fd58ac431e0;  1 drivers
v0x7fd58ac37610_0 .net "sel", 0 0, L_0x7fd58ac435b0;  1 drivers
L_0x7fd58ac431e0 .functor MUXZ 1, L_0x7fd58ac43690, L_0x7fd58ac434d0, L_0x7fd58ac435b0, C4<>;
S_0x7fd58ac37710 .scope module, "ins_73" "mux2X1" 3 33, 4 1 0, S_0x7fd58ac18320;
 .timescale 0 0;
    .port_info 0 /INPUT 1 "in0"
    .port_info 1 /INPUT 1 "in1"
    .port_info 2 /INPUT 1 "sel"
    .port_info 3 /OUTPUT 1 "out"
v0x7fd58ac37920_0 .net "in0", 0 0, L_0x7fd58ac43350;  1 drivers
v0x7fd58ac379d0_0 .net "in1", 0 0, L_0x7fd58ac433f0;  1 drivers
v0x7fd58ac37a70_0 .net "out", 0 0, L_0x7fd58ac432b0;  1 drivers
v0x7fd58ac37b20_0 .net "sel", 0 0, L_0x7fd58ac43100;  1 drivers
L_0x7fd58ac432b0 .functor MUXZ 1, L_0x7fd58ac43350, L_0x7fd58ac433f0, L_0x7fd58ac43100, C4<>;
S_0x7fd58ac37c20 .scope module, "ins_74" "mux2X1" 3 32, 4 1 0, S_0x7fd58ac18320;
 .timescale 0 0;
    .port_info 0 /INPUT 1 "in0"
    .port_info 1 /INPUT 1 "in1"
    .port_info 2 /INPUT 1 "sel"
    .port_info 3 /OUTPUT 1 "out"
v0x7fd58ac37e30_0 .net "in0", 0 0, L_0x7fd58ac42f20;  1 drivers
v0x7fd58ac37ee0_0 .net "in1", 0 0, L_0x7fd58ac42d90;  1 drivers
v0x7fd58ac37f80_0 .net "out", 0 0, L_0x7fd58ac42bd0;  1 drivers
v0x7fd58ac38030_0 .net "sel", 0 0, L_0x7fd58ac42e70;  1 drivers
L_0x7fd58ac42bd0 .functor MUXZ 1, L_0x7fd58ac42f20, L_0x7fd58ac42d90, L_0x7fd58ac42e70, C4<>;
S_0x7fd58ac38130 .scope module, "ins_75" "mux2X1" 3 31, 4 1 0, S_0x7fd58ac18320;
 .timescale 0 0;
    .port_info 0 /INPUT 1 "in0"
    .port_info 1 /INPUT 1 "in1"
    .port_info 2 /INPUT 1 "sel"
    .port_info 3 /OUTPUT 1 "out"
v0x7fd58ac38340_0 .net "in0", 0 0, L_0x7fd58ac429e0;  1 drivers
v0x7fd58ac383f0_0 .net "in1", 0 0, L_0x7fd58ac42cb0;  1 drivers
v0x7fd58ac38490_0 .net "out", 0 0, L_0x7fd58ac42940;  1 drivers
v0x7fd58ac38540_0 .net "sel", 0 0, L_0x7fd58ac42af0;  1 drivers
L_0x7fd58ac42940 .functor MUXZ 1, L_0x7fd58ac429e0, L_0x7fd58ac42cb0, L_0x7fd58ac42af0, C4<>;
S_0x7fd58ac38640 .scope module, "ins_76" "mux2X1" 3 30, 4 1 0, S_0x7fd58ac18320;
 .timescale 0 0;
    .port_info 0 /INPUT 1 "in0"
    .port_info 1 /INPUT 1 "in1"
    .port_info 2 /INPUT 1 "sel"
    .port_info 3 /OUTPUT 1 "out"
v0x7fd58ac38850_0 .net "in0", 0 0, L_0x7fd58ac42820;  1 drivers
v0x7fd58ac38900_0 .net "in1", 0 0, L_0x7fd58ac42620;  1 drivers
v0x7fd58ac389a0_0 .net "out", 0 0, L_0x7fd58ac42780;  1 drivers
v0x7fd58ac38a50_0 .net "sel", 0 0, L_0x7fd58ac426c0;  1 drivers
L_0x7fd58ac42780 .functor MUXZ 1, L_0x7fd58ac42820, L_0x7fd58ac42620, L_0x7fd58ac426c0, C4<>;
S_0x7fd58ac38b50 .scope module, "ins_77" "mux2X1" 3 29, 4 1 0, S_0x7fd58ac18320;
 .timescale 0 0;
    .port_info 0 /INPUT 1 "in0"
    .port_info 1 /INPUT 1 "in1"
    .port_info 2 /INPUT 1 "sel"
    .port_info 3 /OUTPUT 1 "out"
v0x7fd58ac38d60_0 .net "in0", 0 0, L_0x7fd58ac41da0;  1 drivers
v0x7fd58ac38e10_0 .net "in1", 0 0, L_0x7fd58ac42540;  1 drivers
v0x7fd58ac38eb0_0 .net "out", 0 0, L_0x7fd58ac41d00;  1 drivers
v0x7fd58ac38f60_0 .net "sel", 0 0, L_0x7fd58ac42370;  1 drivers
L_0x7fd58ac41d00 .functor MUXZ 1, L_0x7fd58ac41da0, L_0x7fd58ac42540, L_0x7fd58ac42370, C4<>;
S_0x7fd58ac39060 .scope module, "ins_80" "mux2X1" 3 17, 4 1 0, S_0x7fd58ac18320;
 .timescale 0 0;
    .port_info 0 /INPUT 1 "in0"
    .port_info 1 /INPUT 1 "in1"
    .port_info 2 /INPUT 1 "sel"
    .port_info 3 /OUTPUT 1 "out"
v0x7fd58ac39270_0 .net "in0", 0 0, L_0x7fd58ac403a0;  1 drivers
v0x7fd58ac39320_0 .net "in1", 0 0, L_0x7fd58ac3f580;  1 drivers
v0x7fd58ac393c0_0 .net "out", 0 0, L_0x7fd58ac40010;  1 drivers
v0x7fd58ac39470_0 .net "sel", 0 0, L_0x7fd58ac40700;  1 drivers
L_0x7fd58ac40010 .functor MUXZ 1, L_0x7fd58ac403a0, L_0x7fd58ac3f580, L_0x7fd58ac40700, C4<>;
S_0x7fd58ac39570 .scope module, "ins_81" "mux2X1" 3 16, 4 1 0, S_0x7fd58ac18320;
 .timescale 0 0;
    .port_info 0 /INPUT 1 "in0"
    .port_info 1 /INPUT 1 "in1"
    .port_info 2 /INPUT 1 "sel"
    .port_info 3 /OUTPUT 1 "out"
v0x7fd58ac39780_0 .net "in0", 0 0, L_0x7fd58ac3ff70;  1 drivers
v0x7fd58ac39830_0 .net "in1", 0 0, L_0x7fd58ac400b0;  1 drivers
v0x7fd58ac398d0_0 .net "out", 0 0, L_0x7fd58ac3fed0;  1 drivers
v0x7fd58ac39980_0 .net "sel", 0 0, L_0x7fd58ac40150;  1 drivers
L_0x7fd58ac3fed0 .functor MUXZ 1, L_0x7fd58ac3ff70, L_0x7fd58ac400b0, L_0x7fd58ac40150, C4<>;
S_0x7fd58ac39a80 .scope module, "ins_82" "mux2X1" 3 15, 4 1 0, S_0x7fd58ac18320;
 .timescale 0 0;
    .port_info 0 /INPUT 1 "in0"
    .port_info 1 /INPUT 1 "in1"
    .port_info 2 /INPUT 1 "sel"
    .port_info 3 /OUTPUT 1 "out"
v0x7fd58ac39c90_0 .net "in0", 0 0, L_0x7fd58ac3fba0;  1 drivers
v0x7fd58ac39d40_0 .net "in1", 0 0, L_0x7fd58ac3fc80;  1 drivers
v0x7fd58ac39de0_0 .net "out", 0 0, L_0x7fd58ac3fb00;  1 drivers
v0x7fd58ac39e90_0 .net "sel", 0 0, L_0x7fd58ac3fdf0;  1 drivers
L_0x7fd58ac3fb00 .functor MUXZ 1, L_0x7fd58ac3fba0, L_0x7fd58ac3fc80, L_0x7fd58ac3fdf0, C4<>;
S_0x7fd58ac39f90 .scope module, "ins_83" "mux2X1" 3 14, 4 1 0, S_0x7fd58ac18320;
 .timescale 0 0;
    .port_info 0 /INPUT 1 "in0"
    .port_info 1 /INPUT 1 "in1"
    .port_info 2 /INPUT 1 "sel"
    .port_info 3 /OUTPUT 1 "out"
v0x7fd58ac3a1a0_0 .net "in0", 0 0, L_0x7fd58ac3f8a0;  1 drivers
v0x7fd58ac3a250_0 .net "in1", 0 0, L_0x7fd58ac3f940;  1 drivers
v0x7fd58ac3a2f0_0 .net "out", 0 0, L_0x7fd58ac3f800;  1 drivers
v0x7fd58ac3a3a0_0 .net "sel", 0 0, L_0x7fd58ac3fa20;  1 drivers
L_0x7fd58ac3f800 .functor MUXZ 1, L_0x7fd58ac3f8a0, L_0x7fd58ac3f940, L_0x7fd58ac3fa20, C4<>;
S_0x7fd58ac3a4a0 .scope module, "ins_84" "mux2X1" 3 13, 4 1 0, S_0x7fd58ac18320;
 .timescale 0 0;
    .port_info 0 /INPUT 1 "in0"
    .port_info 1 /INPUT 1 "in1"
    .port_info 2 /INPUT 1 "sel"
    .port_info 3 /OUTPUT 1 "out"
v0x7fd58ac3a6b0_0 .net "in0", 0 0, L_0x7fd58ac3f4e0;  1 drivers
v0x7fd58ac3a760_0 .net "in1", 0 0, L_0x7fd58ac3f680;  1 drivers
v0x7fd58ac3a800_0 .net "out", 0 0, L_0x7fd58ac3f440;  1 drivers
v0x7fd58ac3a8b0_0 .net "sel", 0 0, L_0x7fd58ac3f720;  1 drivers
L_0x7fd58ac3f440 .functor MUXZ 1, L_0x7fd58ac3f4e0, L_0x7fd58ac3f680, L_0x7fd58ac3f720, C4<>;
S_0x7fd58ac3a9b0 .scope module, "ins_85" "mux2X1" 3 12, 4 1 0, S_0x7fd58ac18320;
 .timescale 0 0;
    .port_info 0 /INPUT 1 "in0"
    .port_info 1 /INPUT 1 "in1"
    .port_info 2 /INPUT 1 "sel"
    .port_info 3 /OUTPUT 1 "out"
v0x7fd58ac3abc0_0 .net "in0", 0 0, L_0x7fd58ac3f090;  1 drivers
v0x7fd58ac3ac70_0 .net "in1", 0 0, L_0x7fd58ac3f1b0;  1 drivers
v0x7fd58ac3ad10_0 .net "out", 0 0, L_0x7fd58ac3eff0;  1 drivers
v0x7fd58ac3adc0_0 .net "sel", 0 0, L_0x7fd58ac3f290;  1 drivers
L_0x7fd58ac3eff0 .functor MUXZ 1, L_0x7fd58ac3f090, L_0x7fd58ac3f1b0, L_0x7fd58ac3f290, C4<>;
S_0x7fd58ac3aec0 .scope module, "ins_86" "mux2X1" 3 11, 4 1 0, S_0x7fd58ac18320;
 .timescale 0 0;
    .port_info 0 /INPUT 1 "in0"
    .port_info 1 /INPUT 1 "in1"
    .port_info 2 /INPUT 1 "sel"
    .port_info 3 /OUTPUT 1 "out"
v0x7fd58ac3b0d0_0 .net "in0", 0 0, L_0x7fd58ac3ece0;  1 drivers
v0x7fd58ac3b180_0 .net "in1", 0 0, L_0x7fd58ac3ee40;  1 drivers
v0x7fd58ac3b220_0 .net "out", 0 0, L_0x7fd58ac3ec20;  1 drivers
v0x7fd58ac3b2d0_0 .net "sel", 0 0, L_0x7fd58ac3ef10;  1 drivers
L_0x7fd58ac3ec20 .functor MUXZ 1, L_0x7fd58ac3ece0, L_0x7fd58ac3ee40, L_0x7fd58ac3ef10, C4<>;
S_0x7fd58ac3b3d0 .scope module, "ins_87" "mux2X1" 3 10, 4 1 0, S_0x7fd58ac18320;
 .timescale 0 0;
    .port_info 0 /INPUT 1 "in0"
    .port_info 1 /INPUT 1 "in1"
    .port_info 2 /INPUT 1 "sel"
    .port_info 3 /OUTPUT 1 "out"
v0x7fd58ac3b5e0_0 .net "in0", 0 0, L_0x7fd58ac3e940;  1 drivers
v0x7fd58ac3b690_0 .net "in1", 0 0, L_0x7fd58ac3ea60;  1 drivers
v0x7fd58ac3b730_0 .net "out", 0 0, L_0x7fd58ac3e820;  1 drivers
v0x7fd58ac3b7e0_0 .net "sel", 0 0, L_0x7fd58ac3eb40;  1 drivers
L_0x7fd58ac3e820 .functor MUXZ 1, L_0x7fd58ac3e940, L_0x7fd58ac3ea60, L_0x7fd58ac3eb40, C4<>;
S_0x7fd58ac3b8e0 .scope module, "ins_90" "mux2X1" 3 25, 4 1 0, S_0x7fd58ac18320;
 .timescale 0 0;
    .port_info 0 /INPUT 1 "in0"
    .port_info 1 /INPUT 1 "in1"
    .port_info 2 /INPUT 1 "sel"
    .port_info 3 /OUTPUT 1 "out"
v0x7fd58ac3baf0_0 .net "in0", 0 0, L_0x7fd58ac41c60;  1 drivers
L_0x10999d200 .functor BUFT 1, C4<0>, C4<0>, C4<0>, C4<0>;
v0x7fd58ac3bba0_0 .net "in1", 0 0, L_0x10999d200;  1 drivers
v0x7fd58ac3bc40_0 .net "out", 0 0, L_0x7fd58ac401f0;  1 drivers
v0x7fd58ac3bcf0_0 .net "sel", 0 0, L_0x7fd58ac41970;  1 drivers
L_0x7fd58ac401f0 .functor MUXZ 1, L_0x7fd58ac41c60, L_0x10999d200, L_0x7fd58ac41970, C4<>;
S_0x7fd58ac3bdf0 .scope module, "ins_91" "mux2X1" 3 24, 4 1 0, S_0x7fd58ac18320;
 .timescale 0 0;
    .port_info 0 /INPUT 1 "in0"
    .port_info 1 /INPUT 1 "in1"
    .port_info 2 /INPUT 1 "sel"
    .port_info 3 /OUTPUT 1 "out"
v0x7fd58ac3c000_0 .net "in0", 0 0, L_0x7fd58ac41850;  1 drivers
L_0x10999d1b8 .functor BUFT 1, C4<0>, C4<0>, C4<0>, C4<0>;
v0x7fd58ac3c0b0_0 .net "in1", 0 0, L_0x10999d1b8;  1 drivers
v0x7fd58ac3c150_0 .net "out", 0 0, L_0x7fd58ac417b0;  1 drivers
v0x7fd58ac3c200_0 .net "sel", 0 0, L_0x7fd58ac41690;  1 drivers
L_0x7fd58ac417b0 .functor MUXZ 1, L_0x7fd58ac41850, L_0x10999d1b8, L_0x7fd58ac41690, C4<>;
S_0x7fd58ac3c300 .scope module, "ins_92" "mux2X1" 3 23, 4 1 0, S_0x7fd58ac18320;
 .timescale 0 0;
    .port_info 0 /INPUT 1 "in0"
    .port_info 1 /INPUT 1 "in1"
    .port_info 2 /INPUT 1 "sel"
    .port_info 3 /OUTPUT 1 "out"
v0x7fd58ac3c510_0 .net "in0", 0 0, L_0x7fd58ac415b0;  1 drivers
L_0x10999d170 .functor BUFT 1, C4<0>, C4<0>, C4<0>, C4<0>;
v0x7fd58ac3c5c0_0 .net "in1", 0 0, L_0x10999d170;  1 drivers
v0x7fd58ac3c660_0 .net "out", 0 0, L_0x7fd58ac41510;  1 drivers
v0x7fd58ac3c710_0 .net "sel", 0 0, L_0x7fd58ac413a0;  1 drivers
L_0x7fd58ac41510 .functor MUXZ 1, L_0x7fd58ac415b0, L_0x10999d170, L_0x7fd58ac413a0, C4<>;
S_0x7fd58ac3c810 .scope module, "ins_93" "mux2X1" 3 22, 4 1 0, S_0x7fd58ac18320;
 .timescale 0 0;
    .port_info 0 /INPUT 1 "in0"
    .port_info 1 /INPUT 1 "in1"
    .port_info 2 /INPUT 1 "sel"
    .port_info 3 /OUTPUT 1 "out"
v0x7fd58ac3ca20_0 .net "in0", 0 0, L_0x7fd58ac41280;  1 drivers
L_0x10999d128 .functor BUFT 1, C4<0>, C4<0>, C4<0>, C4<0>;
v0x7fd58ac3cad0_0 .net "in1", 0 0, L_0x10999d128;  1 drivers
v0x7fd58ac3cb70_0 .net "out", 0 0, L_0x7fd58ac411e0;  1 drivers
v0x7fd58ac3cc20_0 .net "sel", 0 0, L_0x7fd58ac41470;  1 drivers
L_0x7fd58ac411e0 .functor MUXZ 1, L_0x7fd58ac41280, L_0x10999d128, L_0x7fd58ac41470, C4<>;
S_0x7fd58ac3cd20 .scope module, "ins_94" "mux2X1" 3 21, 4 1 0, S_0x7fd58ac18320;
 .timescale 0 0;
    .port_info 0 /INPUT 1 "in0"
    .port_info 1 /INPUT 1 "in1"
    .port_info 2 /INPUT 1 "sel"
    .port_info 3 /OUTPUT 1 "out"
v0x7fd58ac3cf30_0 .net "in0", 0 0, L_0x7fd58ac40fc0;  1 drivers
L_0x10999d0e0 .functor BUFT 1, C4<0>, C4<0>, C4<0>, C4<0>;
v0x7fd58ac3cfe0_0 .net "in1", 0 0, L_0x10999d0e0;  1 drivers
v0x7fd58ac3d080_0 .net "out", 0 0, L_0x7fd58ac40f20;  1 drivers
v0x7fd58ac3d130_0 .net "sel", 0 0, L_0x7fd58ac40df0;  1 drivers
L_0x7fd58ac40f20 .functor MUXZ 1, L_0x7fd58ac40fc0, L_0x10999d0e0, L_0x7fd58ac40df0, C4<>;
S_0x7fd58ac3d230 .scope module, "ins_95" "mux2X1" 3 20, 4 1 0, S_0x7fd58ac18320;
 .timescale 0 0;
    .port_info 0 /INPUT 1 "in0"
    .port_info 1 /INPUT 1 "in1"
    .port_info 2 /INPUT 1 "sel"
    .port_info 3 /OUTPUT 1 "out"
v0x7fd58ac3d440_0 .net "in0", 0 0, L_0x7fd58ac40d10;  1 drivers
L_0x10999d098 .functor BUFT 1, C4<0>, C4<0>, C4<0>, C4<0>;
v0x7fd58ac3d4f0_0 .net "in1", 0 0, L_0x10999d098;  1 drivers
v0x7fd58ac3d590_0 .net "out", 0 0, L_0x7fd58ac40c70;  1 drivers
v0x7fd58ac3d640_0 .net "sel", 0 0, L_0x7fd58ac40b10;  1 drivers
L_0x7fd58ac40c70 .functor MUXZ 1, L_0x7fd58ac40d10, L_0x10999d098, L_0x7fd58ac40b10, C4<>;
S_0x7fd58ac3d740 .scope module, "ins_96" "mux2X1" 3 19, 4 1 0, S_0x7fd58ac18320;
 .timescale 0 0;
    .port_info 0 /INPUT 1 "in0"
    .port_info 1 /INPUT 1 "in1"
    .port_info 2 /INPUT 1 "sel"
    .port_info 3 /OUTPUT 1 "out"
v0x7fd58ac3d950_0 .net "in0", 0 0, L_0x7fd58ac40a30;  1 drivers
L_0x10999d050 .functor BUFT 1, C4<0>, C4<0>, C4<0>, C4<0>;
v0x7fd58ac3da00_0 .net "in1", 0 0, L_0x10999d050;  1 drivers
v0x7fd58ac3daa0_0 .net "out", 0 0, L_0x7fd58ac40990;  1 drivers
v0x7fd58ac3db50_0 .net "sel", 0 0, L_0x7fd58ac40840;  1 drivers
L_0x7fd58ac40990 .functor MUXZ 1, L_0x7fd58ac40a30, L_0x10999d050, L_0x7fd58ac40840, C4<>;
S_0x7fd58ac3dc50 .scope module, "ins_97" "mux2X1" 3 18, 4 1 0, S_0x7fd58ac18320;
 .timescale 0 0;
    .port_info 0 /INPUT 1 "in0"
    .port_info 1 /INPUT 1 "in1"
    .port_info 2 /INPUT 1 "sel"
    .port_info 3 /OUTPUT 1 "out"
v0x7fd58ac3de60_0 .net "in0", 0 0, L_0x7fd58ac407a0;  1 drivers
L_0x10999d008 .functor BUFT 1, C4<0>, C4<0>, C4<0>, C4<0>;
v0x7fd58ac3df10_0 .net "in1", 0 0, L_0x10999d008;  1 drivers
v0x7fd58ac3dfb0_0 .net "out", 0 0, L_0x7fd58ac402f0;  1 drivers
v0x7fd58ac3e060_0 .net "sel", 0 0, L_0x7fd58ac40640;  1 drivers
L_0x7fd58ac402f0 .functor MUXZ 1, L_0x7fd58ac407a0, L_0x10999d008, L_0x7fd58ac40640, C4<>;
    .scope S_0x7fd58ac13530;
T_0 ;
    %vpi_call 2 11 "$display", $time, " << Starting the Simulation >>" {0 0 0};
    %pushi/vec4 0, 0, 16;
    %store/vec4 v0x7fd58ac3e6a0_0, 0, 16;
    %pushi/vec4 0, 0, 4;
    %store/vec4 v0x7fd58ac3e5f0_0, 0, 4;
    %delay 10, 0;
    %pushi/vec4 10, 0, 16;
    %store/vec4 v0x7fd58ac3e6a0_0, 0, 16;
    %pushi/vec4 1, 0, 4;
    %store/vec4 v0x7fd58ac3e5f0_0, 0, 4;
    %delay 10, 0;
    %pushi/vec4 128, 0, 16;
    %store/vec4 v0x7fd58ac3e6a0_0, 0, 16;
    %pushi/vec4 2, 0, 4;
    %store/vec4 v0x7fd58ac3e5f0_0, 0, 4;
    %delay 10, 0;
    %pushi/vec4 128, 0, 16;
    %store/vec4 v0x7fd58ac3e6a0_0, 0, 16;
    %pushi/vec4 1, 0, 4;
    %store/vec4 v0x7fd58ac3e5f0_0, 0, 4;
    %delay 10, 0;
    %pushi/vec4 2048, 0, 16;
    %store/vec4 v0x7fd58ac3e6a0_0, 0, 16;
    %pushi/vec4 8, 0, 4;
    %store/vec4 v0x7fd58ac3e5f0_0, 0, 4;
    %end;
    .thread T_0;
    .scope S_0x7fd58ac13530;
T_1 ;
    %vpi_call 2 19 "$monitor", "Input=%b, Control=%d, Output=%b", v0x7fd58ac3e6a0_0, v0x7fd58ac3e5f0_0, v0x7fd58ac3e750_0 {0 0 0};
    %end;
    .thread T_1;
# The file index is used to find the file name in the following table.
:file_names 5;
    "N/A";
    "<interactive>";
    "leftshifttb.v";
    "./leftshift.v";
    "./mux2.v";
