#! /usr/local/Cellar/icarus-verilog/10.2_1/bin/vvp
:ivl_version "10.2 (stable)" "(v10_2)";
:ivl_delay_selection "TYPICAL";
:vpi_time_precision + 0;
:vpi_module "system";
:vpi_module "vhdl_sys";
:vpi_module "v2005_math";
:vpi_module "va_math";
S_0x7faaf7404530 .scope module, "top" "top" 2 3;
 .timescale 0 0;
v0x7faaf741bed0_0 .var "a", 15 0;
v0x7faaf741bf60_0 .var "b", 15 0;
v0x7faaf741bff0_0 .net "out", 15 0, L_0x7faaf741dd40;  1 drivers
v0x7faaf741c080_0 .var "select", 2 0;
S_0x7faaf740a400 .scope module, "main_0" "LogicalUnit" 2 10, 3 1 0, S_0x7faaf7404530;
 .timescale 0 0;
    .port_info 0 /INPUT 16 "a"
    .port_info 1 /INPUT 16 "b"
    .port_info 2 /INPUT 3 "select"
    .port_info 3 /OUTPUT 16 "out"
L_0x7faaf741c400 .functor NOT 16, v0x7faaf741bed0_0, C4<0000000000000000>, C4<0000000000000000>, C4<0000000000000000>;
L_0x7faaf741c730 .functor AND 16, v0x7faaf741bed0_0, v0x7faaf741bf60_0, C4<1111111111111111>, C4<1111111111111111>;
L_0x7faaf741cac0 .functor XOR 16, v0x7faaf741bed0_0, v0x7faaf741bf60_0, C4<0000000000000000>, C4<0000000000000000>;
L_0x7faaf741cdd0 .functor OR 16, v0x7faaf741bed0_0, v0x7faaf741bf60_0, C4<0000000000000000>, C4<0000000000000000>;
L_0x7faaf741cec0 .functor NOT 16, L_0x7faaf741cdd0, C4<0000000000000000>, C4<0000000000000000>, C4<0000000000000000>;
L_0x7faaf741d330 .functor OR 16, v0x7faaf741bed0_0, v0x7faaf741bf60_0, C4<0000000000000000>, C4<0000000000000000>;
v0x7faaf7404690_0 .net *"_s0", 31 0, L_0x7faaf741c130;  1 drivers
v0x7faaf741a230_0 .net *"_s10", 31 0, L_0x7faaf741c4b0;  1 drivers
L_0x104372098 .functor BUFT 1, C4<00000000000000000000000000000>, C4<0>, C4<0>, C4<0>;
v0x7faaf741a2e0_0 .net *"_s13", 28 0, L_0x104372098;  1 drivers
L_0x1043720e0 .functor BUFT 1, C4<00000000000000000000000000000010>, C4<0>, C4<0>, C4<0>;
v0x7faaf741a3a0_0 .net/2u *"_s14", 31 0, L_0x1043720e0;  1 drivers
v0x7faaf741a450_0 .net *"_s16", 0 0, L_0x7faaf741c5f0;  1 drivers
v0x7faaf741a530_0 .net *"_s18", 15 0, L_0x7faaf741c730;  1 drivers
v0x7faaf741a5e0_0 .net *"_s20", 31 0, L_0x7faaf741c7e0;  1 drivers
L_0x104372128 .functor BUFT 1, C4<00000000000000000000000000000>, C4<0>, C4<0>, C4<0>;
v0x7faaf741a690_0 .net *"_s23", 28 0, L_0x104372128;  1 drivers
L_0x104372170 .functor BUFT 1, C4<00000000000000000000000000000011>, C4<0>, C4<0>, C4<0>;
v0x7faaf741a740_0 .net/2u *"_s24", 31 0, L_0x104372170;  1 drivers
v0x7faaf741a850_0 .net *"_s26", 0 0, L_0x7faaf741c9a0;  1 drivers
v0x7faaf741a8f0_0 .net *"_s28", 15 0, L_0x7faaf741cac0;  1 drivers
L_0x104372008 .functor BUFT 1, C4<00000000000000000000000000000>, C4<0>, C4<0>, C4<0>;
v0x7faaf741a9a0_0 .net *"_s3", 28 0, L_0x104372008;  1 drivers
v0x7faaf741aa50_0 .net *"_s30", 31 0, L_0x7faaf741cbb0;  1 drivers
L_0x1043721b8 .functor BUFT 1, C4<00000000000000000000000000000>, C4<0>, C4<0>, C4<0>;
v0x7faaf741ab00_0 .net *"_s33", 28 0, L_0x1043721b8;  1 drivers
L_0x104372200 .functor BUFT 1, C4<00000000000000000000000000000100>, C4<0>, C4<0>, C4<0>;
v0x7faaf741abb0_0 .net/2u *"_s34", 31 0, L_0x104372200;  1 drivers
v0x7faaf741ac60_0 .net *"_s36", 0 0, L_0x7faaf741cc90;  1 drivers
v0x7faaf741ad00_0 .net *"_s38", 15 0, L_0x7faaf741cdd0;  1 drivers
L_0x104372050 .functor BUFT 1, C4<00000000000000000000000000000001>, C4<0>, C4<0>, C4<0>;
v0x7faaf741ae90_0 .net/2u *"_s4", 31 0, L_0x104372050;  1 drivers
v0x7faaf741af20_0 .net *"_s40", 15 0, L_0x7faaf741cec0;  1 drivers
v0x7faaf741afd0_0 .net *"_s42", 31 0, L_0x7faaf741cf80;  1 drivers
L_0x104372248 .functor BUFT 1, C4<00000000000000000000000000000>, C4<0>, C4<0>, C4<0>;
v0x7faaf741b080_0 .net *"_s45", 28 0, L_0x104372248;  1 drivers
L_0x104372290 .functor BUFT 1, C4<00000000000000000000000000000101>, C4<0>, C4<0>, C4<0>;
v0x7faaf741b130_0 .net/2u *"_s46", 31 0, L_0x104372290;  1 drivers
v0x7faaf741b1e0_0 .net *"_s48", 0 0, L_0x7faaf741d110;  1 drivers
v0x7faaf741b280_0 .net *"_s50", 15 0, L_0x7faaf741d230;  1 drivers
v0x7faaf741b330_0 .net *"_s52", 15 0, L_0x7faaf741d330;  1 drivers
v0x7faaf741b3e0_0 .net *"_s54", 15 0, L_0x7faaf741d3a0;  1 drivers
v0x7faaf741b490_0 .net *"_s56", 15 0, L_0x7faaf741d500;  1 drivers
v0x7faaf741b540_0 .net *"_s58", 15 0, L_0x7faaf741d610;  1 drivers
v0x7faaf741b5f0_0 .net *"_s6", 0 0, L_0x7faaf741c2e0;  1 drivers
v0x7faaf741b690_0 .net *"_s60", 15 0, L_0x7faaf741d730;  1 drivers
v0x7faaf741b740_0 .net *"_s62", 15 0, L_0x7faaf741d890;  1 drivers
v0x7faaf741b7f0_0 .net *"_s64", 15 0, L_0x7faaf741d970;  1 drivers
v0x7faaf741b8a0_0 .net *"_s66", 15 0, L_0x7faaf741dae0;  1 drivers
v0x7faaf741adb0_0 .net *"_s68", 15 0, L_0x7faaf741dbc0;  1 drivers
v0x7faaf741bb30_0 .net *"_s8", 15 0, L_0x7faaf741c400;  1 drivers
v0x7faaf741bbc0_0 .net "a", 15 0, v0x7faaf741bed0_0;  1 drivers
v0x7faaf741bc60_0 .net "b", 15 0, v0x7faaf741bf60_0;  1 drivers
v0x7faaf741bd10_0 .net "out", 15 0, L_0x7faaf741dd40;  alias, 1 drivers
v0x7faaf741bdc0_0 .net "select", 2 0, v0x7faaf741c080_0;  1 drivers
L_0x7faaf741c130 .concat [ 3 29 0 0], v0x7faaf741c080_0, L_0x104372008;
L_0x7faaf741c2e0 .cmp/gt 32, L_0x7faaf741c130, L_0x104372050;
L_0x7faaf741c4b0 .concat [ 3 29 0 0], v0x7faaf741c080_0, L_0x104372098;
L_0x7faaf741c5f0 .cmp/eq 32, L_0x7faaf741c4b0, L_0x1043720e0;
L_0x7faaf741c7e0 .concat [ 3 29 0 0], v0x7faaf741c080_0, L_0x104372128;
L_0x7faaf741c9a0 .cmp/eq 32, L_0x7faaf741c7e0, L_0x104372170;
L_0x7faaf741cbb0 .concat [ 3 29 0 0], v0x7faaf741c080_0, L_0x1043721b8;
L_0x7faaf741cc90 .cmp/eq 32, L_0x7faaf741cbb0, L_0x104372200;
L_0x7faaf741cf80 .concat [ 3 29 0 0], v0x7faaf741c080_0, L_0x104372248;
L_0x7faaf741d110 .cmp/eq 32, L_0x7faaf741cf80, L_0x104372290;
L_0x7faaf741d230 .shift/l 16, v0x7faaf741bed0_0, v0x7faaf741bf60_0;
L_0x7faaf741d3a0 .functor MUXZ 16, L_0x7faaf741d330, L_0x7faaf741d230, L_0x7faaf741d110, C4<>;
L_0x7faaf741d500 .concat [ 16 0 0 0], L_0x7faaf741d3a0;
L_0x7faaf741d610 .functor MUXZ 16, L_0x7faaf741d500, L_0x7faaf741cec0, L_0x7faaf741cc90, C4<>;
L_0x7faaf741d730 .concat [ 16 0 0 0], L_0x7faaf741d610;
L_0x7faaf741d890 .functor MUXZ 16, L_0x7faaf741d730, L_0x7faaf741cac0, L_0x7faaf741c9a0, C4<>;
L_0x7faaf741d970 .concat [ 16 0 0 0], L_0x7faaf741d890;
L_0x7faaf741dae0 .functor MUXZ 16, L_0x7faaf741d970, L_0x7faaf741c730, L_0x7faaf741c5f0, C4<>;
L_0x7faaf741dbc0 .concat [ 16 0 0 0], L_0x7faaf741dae0;
L_0x7faaf741dd40 .functor MUXZ 16, L_0x7faaf741dbc0, L_0x7faaf741c400, L_0x7faaf741c2e0, C4<>;
    .scope S_0x7faaf7404530;
T_0 ;
    %pushi/vec4 20, 0, 16;
    %store/vec4 v0x7faaf741bed0_0, 0, 16;
    %pushi/vec4 20, 0, 16;
    %store/vec4 v0x7faaf741bf60_0, 0, 16;
    %pushi/vec4 4, 0, 3;
    %store/vec4 v0x7faaf741c080_0, 0, 3;
    %end;
    .thread T_0;
    .scope S_0x7faaf7404530;
T_1 ;
    %vpi_call 2 21 "$monitor", "Time = %2d, a = %d, b = %d, output = %d", $time, v0x7faaf741bed0_0, v0x7faaf741bf60_0, v0x7faaf741bff0_0 {0 0 0};
    %vpi_call 2 22 "$dumpfile", "CMP.vcd" {0 0 0};
    %vpi_call 2 23 "$dumpvars", 32'sb00000000000000000000000000000000, S_0x7faaf7404530 {0 0 0};
    %end;
    .thread T_1;
# The file index is used to find the file name in the following table.
:file_names 4;
    "N/A";
    "<interactive>";
    "logical_tb.v";
    "./../Logical/Main.v";
